This is pdfTeX, Version 3.1415926-1.40.10 (MiKTeX 2.8) (preloaded format=latex 2011.1.22)  17 OCT 2012 13:15
entering extended mode
**sample.tex
(C:\Users\Jota\Documents\GitHub\mt\diiccstyle\sample.tex
LaTeX2e <2009/09/24>
Babel <v3.8l> and hyphenation patterns for english, dumylang, nohyphenation, german, ngerman, german-x-2009-06-19, ngerm
an-x-2009-06-19, french, loaded.
(C:\Users\Jota\Documents\GitHub\mt\diiccstyle\diicc.cls
("C:\Program Files (x86)\MiKTeX 2.8\tex\latex\graphics\graphicx.sty"
Package: graphicx 1999/02/16 v1.0f Enhanced LaTeX Graphics (DPC,SPQR)

("C:\Program Files (x86)\MiKTeX 2.8\tex\latex\graphics\keyval.sty"
Package: keyval 1999/03/16 v1.13 key=value parser (DPC)
\KV@toks@=\toks14
)
("C:\Program Files (x86)\MiKTeX 2.8\tex\latex\graphics\graphics.sty"
Package: graphics 2009/02/05 v1.0o Standard LaTeX Graphics (DPC,SPQR)

("C:\Program Files (x86)\MiKTeX 2.8\tex\latex\graphics\trig.sty"
Package: trig 1999/03/16 v1.09 sin cos tan (DPC)
)
("C:\Program Files (x86)\MiKTeX 2.8\tex\latex\00miktex\graphics.cfg"
File: graphics.cfg 2007/01/18 v1.5 graphics configuration of teTeX/TeXLive
)
Package graphics Info: Driver file: dvips.def on input line 91.

("C:\Program Files (x86)\MiKTeX 2.8\tex\latex\graphics\dvips.def"
File: dvips.def 1999/02/16 v3.0i Driver-dependant file (DPC,SPQR)
))
\Gin@req@height=\dimen102
\Gin@req@width=\dimen103
)
Document Class: diicc 
("C:\Program Files (x86)\MiKTeX 2.8\tex\latex\base\report.cls"
Document Class: report 2007/10/19 v1.4h Standard LaTeX document class
("C:\Program Files (x86)\MiKTeX 2.8\tex\latex\base\size12.clo"
File: size12.clo 2007/10/19 v1.4h Standard LaTeX file (size option)
)
\c@part=\count79
\c@chapter=\count80
\c@section=\count81
\c@subsection=\count82
\c@subsubsection=\count83
\c@paragraph=\count84
\c@subparagraph=\count85
\c@figure=\count86
\c@table=\count87
\abovecaptionskip=\skip41
\belowcaptionskip=\skip42
\bibindent=\dimen104
)
("C:\Program Files (x86)\MiKTeX 2.8\tex\latex\tools\afterpage.sty"
Package: afterpage 1995/10/27 v1.08 After-Page Package (DPC)
\AP@output=\toks15
\AP@partial=\box26
\AP@footins=\box27
)
\dal@textheight@default=\skip43
\dal@textheight@footer=\skip44
\dal@tempdima=\dimen105
\dal@tempdimb=\dimen106
)
("C:\Program Files (x86)\MiKTeX 2.8\tex\latex\setspace\setspace.sty"
Package: setspace 2000/12/01 6.7 Contributed and Supported LaTeX2e package

Package: `setspace' 6.7 <2000/12/01>
) ("C:\Program Files (x86)\MiKTeX 2.8\tex\latex\algorithm2e\algorithm2e.sty"
Package: algorithm2e 2008/00/00 v3.10 algorithms environments
\c@AlgoLine=\count88

("C:\Program Files (x86)\MiKTeX 2.8\tex\latex\base\ifthen.sty"
Package: ifthen 2001/05/26 v1.1c Standard LaTeX ifthen package (DPC)
)
("C:\Program Files (x86)\MiKTeX 2.8\tex\latex\tools\xspace.sty"
Package: xspace 2006/05/08 v1.12 Space after command names (DPC,MH)
)
("C:\Program Files (x86)\MiKTeX 2.8\tex\latex\ltxmisc\relsize.sty"
Package: relsize 2003/07/04 ver 3.1
)
********************************************************
Package `algorithm2e' Release 4.01 -- december 14 2009 --
- algorithm2e-announce@lirmm.fr mailing list for announcement about releases
- algorithm2e-discussion@lirmm.fr mailing list for discussion about package
subscribe by emailing sympa@lirmm.fr with 'subscribe <list> <firstname name>'
- Author: Christophe Fiorio (fiorio@lirmm.fr)
********************************************************
\skiptotal=\skip45
\skiplinenumber=\skip46
\skiprule=\skip47
\skiphlne=\skip48
\skiptext=\skip49
\skiplength=\skip50
\algomargin=\skip51
\skipalgocfslide=\skip52
\algowidth=\dimen107
\inoutsize=\dimen108
\inoutline=\dimen109
\interspacetitleruled=\dimen110
\interspacealgoruled=\dimen111
\interspacetitleboxruled=\dimen112
\algocf@inoutbox=\box28
\algocf@inputbox=\box29
\AlCapSkip=\skip53
\AlCapHSkip=\skip54
\algocf@nlbox=\box30
\algocf@hangingbox=\box31
\algocf@capbox=\box32
\algoheightruledefault=\skip55
\algoheightrule=\skip56
\algotitleheightruledefault=\skip57
\algotitleheightrule=\skip58
\c@algocfline=\count89
\c@algocfproc=\count90
\c@algocf=\count91
\algocf@algoframe=\box33
\algocf@algobox=\box34
) ("C:\Program Files (x86)\MiKTeX 2.8\tex\latex\ltxmisc\url.sty"
\Urlmuskip=\muskip10
Package: url 2006/04/12  ver 3.3  Verb mode for urls, etc.
)
("C:\Program Files (x86)\MiKTeX 2.8\tex\latex\ams\math\amsmath.sty"
Package: amsmath 2000/07/18 v2.13 AMS math features
\@mathmargin=\skip59

For additional information on amsmath, use the `?' option.
("C:\Program Files (x86)\MiKTeX 2.8\tex\latex\ams\math\amstext.sty"
Package: amstext 2000/06/29 v2.01

("C:\Program Files (x86)\MiKTeX 2.8\tex\latex\ams\math\amsgen.sty"
File: amsgen.sty 1999/11/30 v2.0
\@emptytoks=\toks16
\ex@=\dimen113
))
("C:\Program Files (x86)\MiKTeX 2.8\tex\latex\ams\math\amsbsy.sty"
Package: amsbsy 1999/11/29 v1.2d
\pmbraise@=\dimen114
)
("C:\Program Files (x86)\MiKTeX 2.8\tex\latex\ams\math\amsopn.sty"
Package: amsopn 1999/12/14 v2.01 operator names
)
\inf@bad=\count92
LaTeX Info: Redefining \frac on input line 211.
\uproot@=\count93
\leftroot@=\count94
LaTeX Info: Redefining \overline on input line 307.
\classnum@=\count95
\DOTSCASE@=\count96
LaTeX Info: Redefining \ldots on input line 379.
LaTeX Info: Redefining \dots on input line 382.
LaTeX Info: Redefining \cdots on input line 467.
\Mathstrutbox@=\box35
\strutbox@=\box36
\big@size=\dimen115
LaTeX Font Info:    Redeclaring font encoding OML on input line 567.
LaTeX Font Info:    Redeclaring font encoding OMS on input line 568.
\macc@depth=\count97
\c@MaxMatrixCols=\count98
\dotsspace@=\muskip11
\c@parentequation=\count99
\dspbrk@lvl=\count100
\tag@help=\toks17
\row@=\count101
\column@=\count102
\maxfields@=\count103
\andhelp@=\toks18
\eqnshift@=\dimen116
\alignsep@=\dimen117
\tagshift@=\dimen118
\tagwidth@=\dimen119
\totwidth@=\dimen120
\lineht@=\dimen121
\@envbody=\toks19
\multlinegap=\skip60
\multlinetaggap=\skip61
\mathdisplay@stack=\toks20
LaTeX Info: Redefining \[ on input line 2666.
LaTeX Info: Redefining \] on input line 2667.
)
("C:\Program Files (x86)\MiKTeX 2.8\tex\latex\ams\classes\amsthm.sty"
Package: amsthm 2004/08/06 v2.20
\thm@style=\toks21
\thm@bodyfont=\toks22
\thm@headfont=\toks23
\thm@notefont=\toks24
\thm@headpunct=\toks25
\thm@preskip=\skip62
\thm@postskip=\skip63
\thm@headsep=\skip64
\dth@everypar=\toks26
)
("C:\Program Files (x86)\MiKTeX 2.8\tex\latex\amsfonts\amssymb.sty"
Package: amssymb 2009/06/22 v3.00

("C:\Program Files (x86)\MiKTeX 2.8\tex\latex\amsfonts\amsfonts.sty"
Package: amsfonts 2009/06/22 v3.00 Basic AMSFonts support
\symAMSa=\mathgroup4
\symAMSb=\mathgroup5
LaTeX Font Info:    Overwriting math alphabet `\mathfrak' in version `bold'
(Font)                  U/euf/m/n --> U/euf/b/n on input line 96.
))
(C:\Users\Jota\Documents\GitHub\mt\diiccstyle\mathtools.sty
Package: mathtools 2011/02/12 v1.10 mathematical typesetting tools
 ("C:\Program Files (x86)\MiKTeX 2.8\tex\latex\tools\calc.sty"
Package: calc 2007/08/22 v4.3 Infix arithmetic (KKT,FJ)
\calc@Acount=\count104
\calc@Bcount=\count105
\calc@Adimen=\dimen122
\calc@Bdimen=\dimen123
\calc@Askip=\skip65
\calc@Bskip=\skip66
LaTeX Info: Redefining \setlength on input line 76.
LaTeX Info: Redefining \addtolength on input line 77.
\calc@Ccount=\count106
\calc@Cskip=\skip67
) (C:\Users\Jota\Documents\GitHub\mt\diiccstyle\mhsetup.sty
Package: mhsetup 2010/01/21 v1.2a programming setup (MH)
)
\g_MT_multlinerow_int=\count107
\l_MT_multwidth_dim=\dimen124
\origjot=\skip68
\l_MT_shortvdotswithinadjustabove_dim=\dimen125
\l_MT_shortvdotswithinadjustbelow_dim=\dimen126
)
("C:\Program Files (x86)\MiKTeX 2.8\tex\latex\caption\caption.sty"
Package: caption 2010/01/09 v3.1m Customizing captions (AR)

("C:\Program Files (x86)\MiKTeX 2.8\tex\latex\caption\caption3.sty"
Package: caption3 2010/01/14 v3.1m caption3 kernel (AR)
\captionmargin=\dimen127
\captionmargin@=\dimen128
\captionwidth=\dimen129
\caption@indent=\dimen130
\caption@parindent=\dimen131
\caption@hangindent=\dimen132
)
\c@ContinuedFloat=\count108
)
("C:\Program Files (x86)\MiKTeX 2.8\tex\latex\subfig\subfig.sty"
Package: subfig 2005/06/28 ver: 1.3 subfig package
\c@KVtest=\count109
\sf@farskip=\skip69
\sf@captopadj=\dimen133
\sf@capskip=\skip70
\sf@nearskip=\skip71
\c@subfigure=\count110
\c@subfigure@save=\count111
\c@lofdepth=\count112
\c@subtable=\count113
\c@subtable@save=\count114
\c@lotdepth=\count115
\sf@top=\skip72
\sf@bottom=\skip73
)
\c@exmp=\count116

(C:\Users\Jota\Documents\GitHub\mt\diiccstyle\sample.aux

LaTeX Warning: Label `row sum' multiply defined.

)
LaTeX Font Info:    Checking defaults for OML/cmm/m/it on input line 76.
LaTeX Font Info:    ... okay on input line 76.
LaTeX Font Info:    Checking defaults for T1/cmr/m/n on input line 76.
LaTeX Font Info:    ... okay on input line 76.
LaTeX Font Info:    Checking defaults for OT1/cmr/m/n on input line 76.
LaTeX Font Info:    ... okay on input line 76.
LaTeX Font Info:    Checking defaults for OMS/cmsy/m/n on input line 76.
LaTeX Font Info:    ... okay on input line 76.
LaTeX Font Info:    Checking defaults for OMX/cmex/m/n on input line 76.
LaTeX Font Info:    ... okay on input line 76.
LaTeX Font Info:    Checking defaults for U/cmr/m/n on input line 76.
LaTeX Font Info:    ... okay on input line 76.
Package caption Info: Begin \AtBeginDocument code.
Package caption3 Info: subfig package 1.2 or 1.3 is loaded.
LaTeX Info: Redefining \subref on input line 76.
Package caption Info: End \AtBeginDocument code.

Unavoidable over/underfulls may occur in the first
few pages of dalthesis. These can usually be ignored.
However, if uncorrectable errors occur, notify staff.
LaTeX Info: Redefining \\ on input line 77.
LaTeX Info: Redefining \\ on input line 77.
LaTeX Info: Redefining \\ on input line 77.
File: udeclogobw.eps Graphic file (type eps)
<udeclogobw.eps> [1

]
\ab@page=\count117
 [2


]

Class dalthesis Warning: Abstract longer than one page.

[3] (C:\Users\Jota\Documents\GitHub\mt\diiccstyle\sample.toc
LaTeX Font Info:    Try loading font information for U+msa on input line 6.

("C:\Program Files (x86)\MiKTeX 2.8\tex\latex\amsfonts\umsa.fd"
File: umsa.fd 2009/06/22 v3.00 AMS symbols A
)
LaTeX Font Info:    Try loading font information for U+msb on input line 6.

("C:\Program Files (x86)\MiKTeX 2.8\tex\latex\amsfonts\umsb.fd"
File: umsb.fd 2009/06/22 v3.00 AMS symbols B
) [4

])
\tf@toc=\write3
 [5]
(C:\Users\Jota\Documents\GitHub\mt\diiccstyle\sample.lot)
\tf@lot=\write4
 [6


] (C:\Users\Jota\Documents\GitHub\mt\diiccstyle\sample.lof
LaTeX Font Info:    Try loading font information for OMS+cmr on input line 4.

("C:\Program Files (x86)\MiKTeX 2.8\tex\latex\base\omscmr.fd"
File: omscmr.fd 1999/05/25 v2.5h Standard LaTeX font definitions
)
LaTeX Font Info:    Font shape `OMS/cmr/m/n' in size <12> not available
(Font)              Font shape `OMS/cmsy/m/n' tried instead on input line 4.
)
\tf@lof=\write5
 [7


]
Dalthesis preface pages completed.
Chapter 1.
[1


] [2] [3]
Chapter 2.

Underfull \vbox (badness 1354) has occurred while \output is active []

 [4

] [5]
Underfull \hbox (badness 10000) in paragraph at lines 160--169

 []


Underfull \hbox (badness 10000) in paragraph at lines 160--169

 []

File: search_tree.eps Graphic file (type eps)
<search_tree.eps>

LaTeX Warning: `!h' float specifier changed to `!ht'.

LaTeX Font Info:    Font shape `OMS/cmr/bx/n' in size <12> not available
(Font)              Font shape `OMS/cmsy/b/n' tried instead on input line 183.

LaTeX Font Warning: Font shape `OT1/cmr/bx/sc' undefined
(Font)              using `OT1/cmr/bx/n' instead on input line 189.

[6]
Underfull \hbox (badness 10000) in paragraph at lines 208--214

 []

[7]
File: termination_trees.eps Graphic file (type eps)
 <termination_trees.eps>

LaTeX Warning: `!h' float specifier changed to `!ht'.


Underfull \vbox (badness 10000) has occurred while \output is active []

 [8]
Underfull \vbox (badness 3579) has occurred while \output is active []

 [9]
Underfull \hbox (badness 10000) in paragraph at lines 247--254

 []


Underfull \hbox (badness 10000) in paragraph at lines 282--299

 []


Underfull \hbox (badness 10000) in paragraph at lines 282--299

 []


Underfull \hbox (badness 10000) in paragraph at lines 282--299

 []


Underfull \hbox (badness 10000) in paragraph at lines 282--299

 []

[10]
Underfull \vbox (badness 7379) has occurred while \output is active []

 [11] [12]
File: uip.eps Graphic file (type eps)
 <uip.eps> [13]
Underfull \hbox (badness 10000) in paragraph at lines 334--340

 []

[14]
Underfull \hbox (badness 10000) in paragraph at lines 345--354

 []


Underfull \hbox (badness 10000) in paragraph at lines 345--354

 []

[15]
Underfull \hbox (badness 10000) in paragraph at lines 389--403

 []


Underfull \hbox (badness 10000) in paragraph at lines 389--403

 []


Underfull \hbox (badness 10000) in paragraph at lines 389--403

 []

[16]
Underfull \hbox (badness 10000) in paragraph at lines 410--419

 []


Underfull \hbox (badness 10000) in paragraph at lines 410--419

 []

[17]
Underfull \hbox (badness 10000) in paragraph at lines 430--439

 []


Underfull \hbox (badness 10000) in paragraph at lines 430--439

 []

File: watchedliterals.eps Graphic file (type eps)
<watchedliterals.eps>

LaTeX Warning: `!h' float specifier changed to `!ht'.

[18]
File: binary_lists.eps Graphic file (type eps)
 <binary_lists.eps>
Underfull \hbox (badness 10000) in paragraph at lines 450--466

 []


Underfull \hbox (badness 10000) in paragraph at lines 450--466

 []


Underfull \vbox (badness 10000) has occurred while \output is active []

 [19]

LaTeX Warning: `!h' float specifier changed to `!ht'.


Underfull \vbox (badness 10000) has occurred while \output is active []

 [20] [21]
File: miraxtdesign.eps Graphic file (type eps)
 <miraxtdesign.eps>
Underfull \hbox (badness 10000) in paragraph at lines 479--494

 []


Underfull \hbox (badness 10000) in paragraph at lines 479--494

 []


Underfull \vbox (badness 10000) has occurred while \output is active []

 [22] [23]
File: miraxtdatabase.eps Graphic file (type eps)
 <miraxtdatabase.eps> [24]
File: cache.eps Graphic file (type eps)
 <cache.eps>
[25] [26] [27]
File: matrixmemory.eps Graphic file (type eps)
 <matrixmemory.eps>
Underfull \vbox (badness 7099) has occurred while \output is active []

 [28]
LaTeX Font Info:    Font shape `OT1/cmtt/bx/n' in size <12> not available
(Font)              Font shape `OT1/cmtt/m/n' tried instead on input line 597.
 [29] [30]
Underfull \vbox (badness 2970) has occurred while \output is active []

 [31] [32]
Underfull \vbox (badness 10000) has occurred while \output is active []

 [33] [34]
Chapter 3.
File: plingeling_decay.eps Graphic file (type eps)
<plingeling_decay.eps>

LaTeX Warning: `!h' float specifier changed to `!ht'.


Overfull \hbox (6.24219pt too wide) in paragraph at lines 700--701
[][]\OT1/cmr/m/n/12 Because port-fo-lio ap-proach SAT solvers im-ple-ment dif-fer-ent search strate-gies among
 []

[35

]
File: plingeling_same_chip.eps Graphic file (type eps)
 <plingeling_same_chip.eps>
File: plingeling_different_chip.eps Graphic file (type eps)
 <plingeling_different_chip.eps>

LaTeX Warning: `!h' float specifier changed to `!ht'.


Underfull \vbox (badness 2096) has occurred while \output is active []

 [36]

LaTeX Warning: Reference `plingeling decay cache' on page 37 undefined on input line 717.

File: plingeling_decay_cache.eps Graphic file (type eps)
<plingeling_decay_cache.eps>

LaTeX Warning: `!h' float specifier changed to `!ht'.


Overfull \hbox (0.22566pt too wide) in paragraph at lines 731--731
[]\OT1/cmr/bx/sc/12 A par-al-lel port-fo-lio ap-proach SAT solver with phys-i-cally shared clause
 []


Underfull \vbox (badness 10000) has occurred while \output is active []

 [37]
Underfull \vbox (badness 10000) has occurred while \output is active []

 [38]
File: sharednone.eps Graphic file (type eps)
 <sharednone.eps> [39]
File: sharedbinaries.eps Graphic file (type eps)
 <sharedbinaries.eps>
File: implication_list.eps Graphic file (type eps)

<implication_list.eps> [40]
Underfull \vbox (badness 1424) has occurred while \output is active []

 [41]
File: sharedall.eps Graphic file (type eps)
 <sharedall.eps> [42]
File: AzuDICI_design.eps Graphic file (type eps)
 <AzuDICI_design.eps>
[43]
File: shared-none.eps Graphic file (type eps)
 <shared-none.eps>

LaTeX Warning: `!h' float specifier changed to `!ht'.

File: shared-binaries.eps Graphic file (type eps)
<shared-binaries.eps>

LaTeX Warning: `!h' float specifier changed to `!ht'.

[44]
File: shared-all.eps Graphic file (type eps)
 <shared-all.eps>
Underfull \vbox (badness 10000) has occurred while \output is active []

 [45]

LaTeX Warning: `!h' float specifier changed to `!ht'.


Underfull \vbox (badness 10000) has occurred while \output is active []

 [46]
Underfull \vbox (badness 10000) has occurred while \output is active []

 [47]
File: shared-all-start.eps Graphic file (type eps)
 <shared-all-start.eps> [48]
File: average.eps Graphic file (type eps)
 <average.eps>
[49] [50]
Chapter 4.

Underfull \vbox (badness 10000) has occurred while \output is active []

 [51

]
Underfull \vbox (badness 10000) has occurred while \output is active []

 [52]
(C:\Users\Jota\Documents\GitHub\mt\diiccstyle\sample.bbl [53]
Missing character: There is no Ã in font cmr12!
Missing character: There is no © in font cmr12!
Missing character: There is no Ã in font cmr12!
Missing character: There is no ¶ in font cmr12!
 [54


]
Missing character: There is no Ã in font cmr12!
Missing character: There is no ¤ in font cmr12!
) [55]
(C:\Users\Jota\Documents\GitHub\mt\diiccstyle\sample.aux)

LaTeX Font Warning: Some font shapes were not available, defaults substituted.


LaTeX Warning: There were undefined references.


LaTeX Warning: There were multiply-defined labels.

 ) 
Here is how much of TeX's memory you used:
 4677 strings out of 495286
 66797 string characters out of 3179853
 157055 words of memory out of 3000000
 7797 multiletter control sequences out of 15000+200000
 15789 words of font info for 59 fonts, out of 3000000 for 9000
 14 hyphenation exceptions out of 8191
 36i,17n,45p,2796b,476s stack positions out of 5000i,500n,10000p,200000b,50000s

Output written on sample.dvi (62 pages, 165012 bytes).
